<?xml version="1.0" encoding="UTF-8" ?>
<testsuite failures="0" time="12.97" errors="0" skipped="0" tests="42" name="All the Util GWT tests">
  <properties>
    <property name="java.runtime.name" value="Java(TM) SE Runtime Environment"/>
    <property name="sun.boot.library.path" value="C:\Program Files\Java\jdk1.7.0_65\jre\bin"/>
    <property name="java.vm.version" value="24.65-b04"/>
    <property name="org.w3c.css.sac.parser" value="com.steadystate.css.parser.SACParserCSS3"/>
    <property name="java.vm.vendor" value="Oracle Corporation"/>
    <property name="java.vendor.url" value="http://java.oracle.com/"/>
    <property name="path.separator" value=";"/>
    <property name="java.vm.name" value="Java HotSpot(TM) 64-Bit Server VM"/>
    <property name="file.encoding.pkg" value="sun.io"/>
    <property name="user.script" value=""/>
    <property name="user.country" value="US"/>
    <property name="sun.java.launcher" value="SUN_STANDARD"/>
    <property name="sun.os.patch.level" value="Service Pack 1"/>
    <property name="surefire.reports" value="C:\Users\Bill\Documents\GitHub\Util\UtilClient\target\surefire-reports"/>
    <property name="java.vm.specification.name" value="Java Virtual Machine Specification"/>
    <property name="user.dir" value="C:\Users\Bill\Documents\GitHub\Util\UtilParent"/>
    <property name="java.runtime.version" value="1.7.0_65-b19"/>
    <property name="java.awt.graphicsenv" value="sun.awt.Win32GraphicsEnvironment"/>
    <property name="java.endorsed.dirs" value="C:\Program Files\Java\jdk1.7.0_65\jre\lib\endorsed"/>
    <property name="os.arch" value="amd64"/>
    <property name="java.io.tmpdir" value="C:\Users\Bill\AppData\Local\Temp\"/>
    <property name="line.separator" value="
"/>
    <property name="java.vm.specification.vendor" value="Oracle Corporation"/>
    <property name="user.variant" value=""/>
    <property name="os.name" value="Windows 7"/>
    <property name="sun.jnu.encoding" value="Cp1252"/>
    <property name="java.library.path" value="C:\Program Files\Java\jdk1.7.0_65\jre\bin;C:\Windows\Sun\Java\bin;C:\Windows\system32;C:\Windows;C:\Program Files\Java\jdk1.7.0_65\BIN\;C:\apache-maven-3.2.2-bin\apache-maven-3.2.2\bin;C:\Program Files (x86)\Intel\iCLS Client\;C:\Program Files\Intel\iCLS Client\;C:\Windows\system32;C:\Windows;C:\Windows\System32\Wbem;C:\Windows\System32\WindowsPowerShell\v1.0\;C:\Program Files\Intel\Intel(R) Management Engine Components\DAL;C:\Program Files\Intel\Intel(R) Management Engine Components\IPT;C:\Program Files (x86)\Intel\Intel(R) Management Engine Components\DAL;C:\Program Files (x86)\Intel\Intel(R) Management Engine Components\IPT;C:\Program Files\Intel\WiFi\bin\;C:\Program Files\Common Files\Intel\WirelessCommon\;C:\Program Files\Lenovo\Fingerprint Manager Pro\;C:\Program Files (x86)\Common Files\Lenovo;C:\SWTOOLS\ReadyApps;."/>
    <property name="gwt.args" value="-war C:\Users\Bill\Documents\GitHub\Util\UtilClient\target/www-test -logLevel INFO -nodevMode -nocheckAssertions -XclusterFunctions -XcheckCasts -XclassMetadata -XcodeSplitting -draftCompile -XinlineLiteralParameters -XoptimizeDataflow -XordinalizeEnums -runStandardsMode -XremoveDuplicateFunctions -noshowUi -sourceLevel 1.7 -testBeginTimeout 1 -testMethodTimeout 5 -Xtries 1 -optimize 0 -precompile simple -runStyle HtmlUnit:FF17"/>
    <property name="java.specification.name" value="Java Platform API Specification"/>
    <property name="java.class.version" value="51.0"/>
    <property name="sun.management.compiler" value="HotSpot 64-Bit Tiered Compilers"/>
    <property name="os.version" value="6.1"/>
    <property name="user.home" value="C:\Users\Bill"/>
    <property name="user.timezone" value="America/New_York"/>
    <property name="java.awt.printerjob" value="sun.awt.windows.WPrinterJob"/>
    <property name="java.specification.version" value="1.7"/>
    <property name="file.encoding" value="Cp1252"/>
    <property name="user.name" value="Bill"/>
    <property name="java.class.path" value="C:\Users\Bill\Documents\GitHub\Util\UtilClient\target\classes;C:\Users\Bill\Documents\GitHub\Util\UtilClient\src\main\java;C:\Users\Bill\Documents\GitHub\Util\UtilClient\src\test\java;C:\Users\Bill\Documents\GitHub\Util\UtilClient\src\test\resources;C:\Users\Bill\Documents\GitHub\Util\UtilClient\target\test-classes;C:\Users\Bill\Documents\GitHub\Util\UtilBase\target\UtilBase-0.5.0.jar;C:\Users\Bill\.m2\repository\javax\inject\javax.inject\1\javax.inject-1.jar;C:\Users\Bill\.m2\repository\javax\inject\javax.inject\1\javax.inject-1-sources.jar;C:\Users\Bill\Documents\GitHub\Util\UtilBase\target\UtilBase-0.5.0-sources.jar;C:\Users\Bill\Documents\GitHub\Util\UtilShared\target\UtilShared-0.5.0.jar;C:\Users\Bill\Documents\GitHub\Util\UtilShared\target\UtilShared-0.5.0-sources.jar;C:\Users\Bill\.m2\repository\com\google\gwt\gwt-user\2.6.0\gwt-user-2.6.0.jar;C:\Users\Bill\.m2\repository\javax\validation\validation-api\1.0.0.GA\validation-api-1.0.0.GA.jar;C:\Users\Bill\.m2\repository\javax\validation\validation-api\1.0.0.GA\validation-api-1.0.0.GA-sources.jar;C:\Users\Bill\.m2\repository\org\json\json\20090211\json-20090211.jar;C:\Users\Bill\.m2\repository\com\google\gwt\gwt-user\2.6.0\gwt-user-2.6.0-sources.jar;C:\Users\Bill\.m2\repository\com\google\gwt\gwt-elemental\2.6.0\gwt-elemental-2.6.0.jar;C:\Users\Bill\.m2\repository\com\google\gwt\gwt-elemental\2.6.0\gwt-elemental-2.6.0-sources.jar;C:\Users\Bill\.m2\repository\com\google\gwt\gwt-dev\2.6.0\gwt-dev-2.6.0.jar;C:\Users\Bill\.m2\repository\com\google\gwt\gwt-dev\2.6.0\gwt-dev-2.6.0-sources.jar;C:\Users\Bill\.m2\repository\com\badlogicgames\gdx\gdx\1.0.0\gdx-1.0.0.jar;C:\Users\Bill\.m2\repository\com\badlogicgames\gdx\gdx\1.0.0\gdx-1.0.0-sources.jar;C:\Users\Bill\.m2\repository\com\badlogicgames\gdx\gdx-backend-gwt\1.0.0\gdx-backend-gwt-1.0.0.jar;C:\Users\Bill\.m2\repository\com\badlogicgames\gdx\gdx-backend-gwt\1.0.0\gdx-backend-gwt-1.0.0-sources.jar;C:\Users\Bill\.m2\repository\com\google\inject\guice\3.0\guice-3.0.jar;C:\Users\Bill\.m2\repository\aopalliance\aopalliance\1.0\aopalliance-1.0.jar;C:\Users\Bill\.m2\repository\com\google\inject\extensions\guice-assistedinject\3.0\guice-assistedinject-3.0.jar;C:\Users\Bill\.m2\repository\com\google\gwt\inject\gin\2.1.2\gin-2.1.2.jar;C:\Users\Bill\.m2\repository\org\junit\com.springsource.org.junit\4.11.0\com.springsource.org.junit-4.11.0.jar;C:\Users\Bill\.m2\repository\org\slf4j\slf4j-api\1.7.5\slf4j-api-1.7.5.jar;C:\Users\Bill\.m2\repository\org\slf4j\slf4j-api\1.7.5\slf4j-api-1.7.5-sources.jar;C:\Users\Bill\.m2\repository\de\benediktmeurer\gwt-slf4j\gwt-slf4j\0.0.2\gwt-slf4j-0.0.2.jar;C:\Users\Bill\.m2\repository\de\benediktmeurer\gwt-slf4j\gwt-slf4j\0.0.2\gwt-slf4j-0.0.2-sources.jar;C:\Users\Bill\.m2\repository\org\codehaus\mojo\gwt-maven-plugin\2.6.0\gwt-maven-plugin-2.6.0.jar;C:\Users\Bill\.m2\repository\org\apache\maven\surefire\surefire-api\2.4.3\surefire-api-2.4.3.jar;C:\Users\Bill\.m2\repository\com\google\gwt\gwt-user\2.6.0\gwt-user-2.6.0.jar;C:\Users\Bill\.m2\repository\com\google\gwt\gwt-dev\2.6.0\gwt-dev-2.6.0.jar"/>
    <property name="build.compiler" value="com.google.gwt.dev.shell.jetty.JettyLauncher$JDTCompiler16"/>
    <property name="java.vm.specification.version" value="1.7"/>
    <property name="sun.arch.data.model" value="64"/>
    <property name="java.home" value="C:\Program Files\Java\jdk1.7.0_65\jre"/>
    <property name="sun.java.command" value="org.codehaus.mojo.gwt.test.MavenTestRunner com.blockwithme.util.client.test.GwtTestUtilSuite"/>
    <property name="java.specification.vendor" value="Oracle Corporation"/>
    <property name="user.language" value="en"/>
    <property name="awt.toolkit" value="sun.awt.windows.WToolkit"/>
    <property name="java.vm.info" value="mixed mode"/>
    <property name="org.eclipse.jetty.xml.XmlParser.Validating" value="false"/>
    <property name="java.version" value="1.7.0_65"/>
    <property name="java.ext.dirs" value="C:\Program Files\Java\jdk1.7.0_65\jre\lib\ext;C:\Windows\Sun\Java\lib\ext"/>
    <property name="sun.boot.class.path" value="C:\Program Files\Java\jdk1.7.0_65\jre\lib\resources.jar;C:\Program Files\Java\jdk1.7.0_65\jre\lib\rt.jar;C:\Program Files\Java\jdk1.7.0_65\jre\lib\sunrsasign.jar;C:\Program Files\Java\jdk1.7.0_65\jre\lib\jsse.jar;C:\Program Files\Java\jdk1.7.0_65\jre\lib\jce.jar;C:\Program Files\Java\jdk1.7.0_65\jre\lib\charsets.jar;C:\Program Files\Java\jdk1.7.0_65\jre\lib\jfr.jar;C:\Program Files\Java\jdk1.7.0_65\jre\classes"/>
    <property name="java.vendor" value="Oracle Corporation"/>
    <property name="file.separator" value="\"/>
    <property name="java.vendor.url.bug" value="http://bugreport.sun.com/bugreport/"/>
    <property name="sun.cpu.endian" value="little"/>
    <property name="sun.io.unicode.encoding" value="UnicodeLittle"/>
    <property name="sun.desktop" value="windows"/>
    <property name="sun.cpu.isalist" value="amd64"/>
  </properties>
  <testcase time="11.151" classname="com.blockwithme.util.client.test.GwtTestRandomTest" name="testRandom"/>
  <testcase time="0.028" classname="com.blockwithme.util.client.test.GwtTestSystemTest" name="testProperties"/>
  <testcase time="0.028" classname="com.blockwithme.util.client.test.GwtTestSystemTest" name="testErr"/>
  <testcase time="0.025" classname="com.blockwithme.util.client.test.GwtTestSystemTest" name="testOut"/>
  <testcase time="0.024" classname="com.blockwithme.util.client.test.GwtTestSystemTest" name="testGc"/>
  <testcase time="0.028" classname="com.blockwithme.util.client.test.GwtTestSystemTest" name="testArraycopy"/>
  <testcase time="0.438" classname="com.blockwithme.util.client.test.GwtTestSystemTest" name="testCurrentTimeMillis"/>
  <testcase time="0.035" classname="com.blockwithme.util.client.test.GwtTestSystemTest" name="testIdentityHashCode"/>
  <testcase time="0.025" classname="com.blockwithme.util.client.test.GwtTestSystemTest" name="testLineSeparator"/>
  <testcase time="0.022" classname="com.blockwithme.util.client.test.GwtTestSystemUtilsTest" name="testReflection"/>
  <testcase time="0.028" classname="com.blockwithme.util.client.test.GwtTestSystemUtilsTest" name="testGetTimeSource"/>
  <testcase time="0.078" classname="com.blockwithme.util.client.test.GwtTestSystemUtilsTest" name="testLocalUTC"/>
  <testcase time="0.013" classname="com.blockwithme.util.client.test.GwtTestSystemUtilsTest" name="testGetTimer"/>
  <testcase time="0.013" classname="com.blockwithme.util.client.test.GwtTestSystemUtilsTest" name="testGWT"/>
  <testcase time="0.014" classname="com.blockwithme.util.client.test.GwtTestSystemUtilsTest" name="testRND"/>
  <testcase time="0.014" classname="com.blockwithme.util.client.test.GwtTestSystemUtilsTest" name="testCurrentTimeMillis"/>
  <testcase time="0.014" classname="com.blockwithme.util.client.test.GwtTestSystemUtilsTest" name="testReportUncaughtException"/>
  <testcase time="0.013" classname="com.blockwithme.util.client.test.GwtTestSystemUtilsTest" name="testPowerOfTwo"/>
  <testcase time="0.014" classname="com.blockwithme.util.client.test.GwtTestSystemUtilsTest" name="testLowHighLong"/>
  <testcase time="0.013" classname="com.blockwithme.util.client.test.GwtTestThreadTest" name="testActiveCount"/>
  <testcase time="0.05" classname="com.blockwithme.util.client.test.GwtTestThreadTest" name="testRun"/>
  <testcase time="0.029" classname="com.blockwithme.util.client.test.GwtTestThreadTest" name="testGetId"/>
  <testcase time="0.04" classname="com.blockwithme.util.client.test.GwtTestThreadTest" name="testSleep"/>
  <testcase time="0.023" classname="com.blockwithme.util.client.test.GwtTestThreadTest" name="testYield"/>
  <testcase time="0.03" classname="com.blockwithme.util.client.test.GwtTestThreadTest" name="testGetName"/>
  <testcase time="0.02" classname="com.blockwithme.util.client.test.GwtTestThreadTest" name="testCurrentThread"/>
  <testcase time="0.021" classname="com.blockwithme.util.client.test.GwtTestThreadTest" name="testIsDaemon"/>
  <testcase time="0.028" classname="com.blockwithme.util.client.test.GwtTestThreadTest" name="testPetPriority"/>
  <testcase time="0.021" classname="com.blockwithme.util.client.test.GwtTestThreadTest" name="testIsAlive"/>
  <testcase time="0.022" classname="com.blockwithme.util.client.test.GwtTestThreadTest" name="testInterrupted"/>
  <testcase time="0.03" classname="com.blockwithme.util.client.test.GwtTestTimerTest" name="testScheduleDate"/>
  <testcase time="0.092" classname="com.blockwithme.util.client.test.GwtTestTimerTest" name="testScheduleLong"/>
  <testcase time="0.201" classname="com.blockwithme.util.client.test.GwtTestTimerTest" name="testScheduleDateLong"/>
  <testcase time="0.02" classname="com.blockwithme.util.client.test.GwtTestTimerTest" name="testScheduleAtFixedRateDateLong"/>
  <testcase time="0.197" classname="com.blockwithme.util.client.test.GwtTestTimerTest" name="testScheduleLongLong"/>
  <testcase time="0.016" classname="com.blockwithme.util.client.test.GwtTestTimerTest" name="testScheduleAtFixedRateLongLong"/>
  <testcase time="0.017" classname="com.blockwithme.util.client.test.GwtTestScriptEngineManagerTest" name="testObjects"/>
  <testcase time="0.012" classname="com.blockwithme.util.client.test.GwtTestScriptEngineManagerTest" name="testCreateObjects"/>
  <testcase time="0.011" classname="com.blockwithme.util.client.test.GwtTestScriptEngineManagerTest" name="testExport"/>
  <testcase time="0.013" classname="com.blockwithme.util.client.test.GwtTestScriptEngineManagerTest" name="testNumbers"/>
  <testcase time="0.027" classname="com.blockwithme.util.client.test.GwtTestScriptEngineManagerTest" name="testStrings"/>
  <testcase time="0.027" classname="com.blockwithme.util.client.test.GwtTestWeakKeyMapTest" name="test"/>
</testsuite>